{"C:\\Users\\Md Faris\\Desktop\\Food Ordering App\\src\\contants.js": {"path":"C:\\Users\\Md Faris\\Desktop\\Food Ordering App\\src\\contants.js","statementMap":{"0":{"start":{"line":1,"column":14},"end":{"line":1,"column":105}},"1":{"start":{"line":3,"column":29},"end":{"line":1359,"column":1}}},"fnMap":{},"branchMap":{},"s":{"0":1,"1":1},"f":{},"b":{},"_coverageSchema":"1a1c01bbd47fc00a2c39e90264f33305004495a9","hash":"0983ba56428ce8a8e2bf9b1879cc1d470411a1dc"}
,"C:\\Users\\Md Faris\\Desktop\\Food Ordering App\\src\\components\\Body.js": {"path":"C:\\Users\\Md Faris\\Desktop\\Food Ordering App\\src\\components\\Body.js","statementMap":{"0":{"start":{"line":9,"column":13},"end":{"line":83,"column":1}},"1":{"start":{"line":10,"column":46},"end":{"line":10,"column":58}},"2":{"start":{"line":11,"column":36},"end":{"line":11,"column":48}},"3":{"start":{"line":12,"column":56},"end":{"line":12,"column":68}},"4":{"start":{"line":13,"column":28},"end":{"line":13,"column":51}},"5":{"start":{"line":14,"column":2},"end":{"line":16,"column":9}},"6":{"start":{"line":15,"column":4},"end":{"line":15,"column":21}},"7":{"start":{"line":18,"column":17},"end":{"line":20,"column":5}},"8":{"start":{"line":21,"column":17},"end":{"line":21,"column":34}},"9":{"start":{"line":22,"column":4},"end":{"line":22,"column":63}},"10":{"start":{"line":23,"column":4},"end":{"line":23,"column":68}},"11":{"start":{"line":25,"column":19},"end":{"line":25,"column":30}},"12":{"start":{"line":26,"column":2},"end":{"line":28,"column":3}},"13":{"start":{"line":27,"column":4},"end":{"line":27,"column":75}},"14":{"start":{"line":29,"column":2},"end":{"line":29,"column":35}},"15":{"start":{"line":29,"column":23},"end":{"line":29,"column":35}},"16":{"start":{"line":30,"column":2},"end":{"line":82,"column":4}},"17":{"start":{"line":40,"column":27},"end":{"line":40,"column":55}},"18":{"start":{"line":45,"column":33},"end":{"line":45,"column":70}},"19":{"start":{"line":46,"column":12},"end":{"line":46,"column":49}},"20":{"start":{"line":54,"column":12},"end":{"line":57,"column":14}},"21":{"start":{"line":63,"column":12},"end":{"line":66,"column":14}},"22":{"start":{"line":74,"column":10},"end":{"line":78,"column":12}}},"fnMap":{"0":{"name":"(anonymous_0)","decl":{"start":{"line":9,"column":13},"end":{"line":9,"column":14}},"loc":{"start":{"line":9,"column":19},"end":{"line":83,"column":1}},"line":9},"1":{"name":"(anonymous_1)","decl":{"start":{"line":14,"column":12},"end":{"line":14,"column":13}},"loc":{"start":{"line":14,"column":18},"end":{"line":16,"column":3}},"line":14},"2":{"name":"getrestaurants","decl":{"start":{"line":17,"column":17},"end":{"line":17,"column":31}},"loc":{"start":{"line":17,"column":34},"end":{"line":24,"column":3}},"line":17},"3":{"name":"(anonymous_3)","decl":{"start":{"line":40,"column":20},"end":{"line":40,"column":21}},"loc":{"start":{"line":40,"column":27},"end":{"line":40,"column":55}},"line":40},"4":{"name":"(anonymous_4)","decl":{"start":{"line":44,"column":19},"end":{"line":44,"column":20}},"loc":{"start":{"line":44,"column":25},"end":{"line":47,"column":11}},"line":44},"5":{"name":"(anonymous_5)","decl":{"start":{"line":53,"column":20},"end":{"line":53,"column":21}},"loc":{"start":{"line":54,"column":12},"end":{"line":57,"column":14}},"line":54},"6":{"name":"(anonymous_6)","decl":{"start":{"line":62,"column":20},"end":{"line":62,"column":21}},"loc":{"start":{"line":63,"column":12},"end":{"line":66,"column":14}},"line":63},"7":{"name":"(anonymous_7)","decl":{"start":{"line":73,"column":33},"end":{"line":73,"column":34}},"loc":{"start":{"line":73,"column":49},"end":{"line":79,"column":9}},"line":73}},"branchMap":{"0":{"loc":{"start":{"line":26,"column":2},"end":{"line":28,"column":3}},"type":"if","locations":[{"start":{"line":26,"column":2},"end":{"line":28,"column":3}},{"start":{},"end":{}}],"line":26},"1":{"loc":{"start":{"line":29,"column":2},"end":{"line":29,"column":35}},"type":"if","locations":[{"start":{"line":29,"column":2},"end":{"line":29,"column":35}},{"start":{},"end":{}}],"line":29},"2":{"loc":{"start":{"line":30,"column":9},"end":{"line":82,"column":3}},"type":"cond-expr","locations":[{"start":{"line":31,"column":4},"end":{"line":31,"column":15}},{"start":{"line":33,"column":4},"end":{"line":81,"column":7}}],"line":30}},"s":{"0":1,"1":8,"2":7,"3":7,"4":7,"5":7,"6":3,"7":3,"8":3,"9":3,"10":3,"11":7,"12":7,"13":0,"14":7,"15":0,"16":7,"17":1,"18":1,"19":1,"20":0,"21":0,"22":47},"f":{"0":8,"1":3,"2":3,"3":1,"4":1,"5":0,"6":0,"7":47},"b":{"0":[0,7],"1":[0,7],"2":[3,4]},"_coverageSchema":"1a1c01bbd47fc00a2c39e90264f33305004495a9","hash":"524986d39ed958b38da68e3d33e7529f2b3d663a"}
,"C:\\Users\\Md Faris\\Desktop\\Food Ordering App\\src\\components\\Header.js": {"path":"C:\\Users\\Md Faris\\Desktop\\Food Ordering App\\src\\components\\Header.js","statementMap":{"0":{"start":{"line":6,"column":14},"end":{"line":14,"column":1}},"1":{"start":{"line":7,"column":4},"end":{"line":13,"column":8}},"2":{"start":{"line":15,"column":15},"end":{"line":38,"column":1}},"3":{"start":{"line":16,"column":23},"end":{"line":16,"column":38}},"4":{"start":{"line":17,"column":15},"end":{"line":17,"column":38}},"5":{"start":{"line":18,"column":18},"end":{"line":18,"column":55}},"6":{"start":{"line":18,"column":38},"end":{"line":18,"column":54}},"7":{"start":{"line":19,"column":2},"end":{"line":19,"column":25}},"8":{"start":{"line":20,"column":4},"end":{"line":37,"column":6}},"9":{"start":{"line":34,"column":39},"end":{"line":34,"column":53}},"10":{"start":{"line":34,"column":92},"end":{"line":34,"column":105}}},"fnMap":{"0":{"name":"(anonymous_0)","decl":{"start":{"line":6,"column":14},"end":{"line":6,"column":15}},"loc":{"start":{"line":7,"column":4},"end":{"line":13,"column":8}},"line":7},"1":{"name":"(anonymous_1)","decl":{"start":{"line":15,"column":15},"end":{"line":15,"column":16}},"loc":{"start":{"line":15,"column":21},"end":{"line":38,"column":1}},"line":15},"2":{"name":"(anonymous_2)","decl":{"start":{"line":18,"column":30},"end":{"line":18,"column":31}},"loc":{"start":{"line":18,"column":38},"end":{"line":18,"column":54}},"line":18},"3":{"name":"(anonymous_3)","decl":{"start":{"line":34,"column":35},"end":{"line":34,"column":36}},"loc":{"start":{"line":34,"column":39},"end":{"line":34,"column":53}},"line":34},"4":{"name":"(anonymous_4)","decl":{"start":{"line":34,"column":88},"end":{"line":34,"column":89}},"loc":{"start":{"line":34,"column":92},"end":{"line":34,"column":105}},"line":34}},"branchMap":{"0":{"loc":{"start":{"line":34,"column":13},"end":{"line":34,"column":121}},"type":"cond-expr","locations":[{"start":{"line":34,"column":18},"end":{"line":34,"column":70}},{"start":{"line":34,"column":71},"end":{"line":34,"column":121}}],"line":34}},"s":{"0":1,"1":2,"2":1,"3":2,"4":2,"5":2,"6":4,"7":2,"8":2,"9":0,"10":0},"f":{"0":2,"1":2,"2":4,"3":0,"4":0},"b":{"0":[0,2]},"_coverageSchema":"1a1c01bbd47fc00a2c39e90264f33305004495a9","hash":"c73a6718d4a592ec800c9a1be9c73780c0e12ca7"}
,"C:\\Users\\Md Faris\\Desktop\\Food Ordering App\\src\\components\\RestaurantCard.js": {"path":"C:\\Users\\Md Faris\\Desktop\\Food Ordering App\\src\\components\\RestaurantCard.js","statementMap":{"0":{"start":{"line":2,"column":23},"end":{"line":18,"column":1}},"1":{"start":{"line":8,"column":2},"end":{"line":17,"column":4}}},"fnMap":{"0":{"name":"(anonymous_0)","decl":{"start":{"line":2,"column":23},"end":{"line":2,"column":24}},"loc":{"start":{"line":7,"column":6},"end":{"line":18,"column":1}},"line":7}},"branchMap":{},"s":{"0":1,"1":47},"f":{"0":47},"b":{},"_coverageSchema":"1a1c01bbd47fc00a2c39e90264f33305004495a9","hash":"05dfdfb05c8488dfa2500e154a797a7e9dc3353a"}
,"C:\\Users\\Md Faris\\Desktop\\Food Ordering App\\src\\components\\Shimmer.js": {"path":"C:\\Users\\Md Faris\\Desktop\\Food Ordering App\\src\\components\\Shimmer.js","statementMap":{"0":{"start":{"line":1,"column":14},"end":{"line":7,"column":1}},"1":{"start":{"line":2,"column":4},"end":{"line":6,"column":6}},"2":{"start":{"line":4,"column":47},"end":{"line":4,"column":95}}},"fnMap":{"0":{"name":"(anonymous_0)","decl":{"start":{"line":1,"column":14},"end":{"line":1,"column":15}},"loc":{"start":{"line":1,"column":18},"end":{"line":7,"column":1}},"line":1},"1":{"name":"(anonymous_1)","decl":{"start":{"line":4,"column":36},"end":{"line":4,"column":37}},"loc":{"start":{"line":4,"column":47},"end":{"line":4,"column":95}},"line":4}},"branchMap":{},"s":{"0":1,"1":3,"2":30},"f":{"0":3,"1":30},"b":{},"_coverageSchema":"1a1c01bbd47fc00a2c39e90264f33305004495a9","hash":"6e2b6bb081ba4b6a1dc0d360f4b5ea16cb02f683"}
,"C:\\Users\\Md Faris\\Desktop\\Food Ordering App\\src\\components\\sum.js": {"path":"C:\\Users\\Md Faris\\Desktop\\Food Ordering App\\src\\components\\sum.js","statementMap":{"0":{"start":{"line":1,"column":17},"end":{"line":1,"column":29}},"1":{"start":{"line":1,"column":25},"end":{"line":1,"column":28}}},"fnMap":{"0":{"name":"(anonymous_0)","decl":{"start":{"line":1,"column":17},"end":{"line":1,"column":18}},"loc":{"start":{"line":1,"column":25},"end":{"line":1,"column":28}},"line":1}},"branchMap":{},"s":{"0":1,"1":1},"f":{"0":1},"b":{},"_coverageSchema":"1a1c01bbd47fc00a2c39e90264f33305004495a9","hash":"776f69f504728e8ae3a544b6dc783667e4121beb"}
,"C:\\Users\\Md Faris\\Desktop\\Food Ordering App\\src\\components\\mocks\\data.js": {"path":"C:\\Users\\Md Faris\\Desktop\\Food Ordering App\\src\\components\\mocks\\data.js","statementMap":{"0":{"start":{"line":2,"column":0},"end":{"line":2176,"column":1}}},"fnMap":{},"branchMap":{},"s":{"0":1},"f":{},"b":{},"_coverageSchema":"1a1c01bbd47fc00a2c39e90264f33305004495a9","hash":"49e785ef60661724666edaf960916c9c55f59c6a"}
,"C:\\Users\\Md Faris\\Desktop\\Food Ordering App\\src\\utils\\Helper.js": {"path":"C:\\Users\\Md Faris\\Desktop\\Food Ordering App\\src\\utils\\Helper.js","statementMap":{"0":{"start":{"line":2,"column":21},"end":{"line":4,"column":5}},"1":{"start":{"line":3,"column":8},"end":{"line":3,"column":80}},"2":{"start":{"line":5,"column":4},"end":{"line":5,"column":22}}},"fnMap":{"0":{"name":"filterData","decl":{"start":{"line":1,"column":9},"end":{"line":1,"column":19}},"loc":{"start":{"line":1,"column":42},"end":{"line":6,"column":1}},"line":1},"1":{"name":"(anonymous_1)","decl":{"start":{"line":2,"column":40},"end":{"line":2,"column":41}},"loc":{"start":{"line":3,"column":8},"end":{"line":3,"column":80}},"line":3}},"branchMap":{},"s":{"0":1,"1":15,"2":1},"f":{"0":1,"1":15},"b":{},"_coverageSchema":"1a1c01bbd47fc00a2c39e90264f33305004495a9","hash":"c860bcc8a6cb20ea3ad23922a2506ac9d32b5c12"}
,"C:\\Users\\Md Faris\\Desktop\\Food Ordering App\\src\\utils\\UserContext.js": {"path":"C:\\Users\\Md Faris\\Desktop\\Food Ordering App\\src\\utils\\UserContext.js","statementMap":{"0":{"start":{"line":2,"column":18},"end":{"line":7,"column":2}},"1":{"start":{"line":8,"column":0},"end":{"line":8,"column":38}}},"fnMap":{},"branchMap":{},"s":{"0":2,"1":2},"f":{},"b":{},"_coverageSchema":"1a1c01bbd47fc00a2c39e90264f33305004495a9","hash":"8303212e8853870f08a9b5b760c9d1eab80c34a3"}
,"C:\\Users\\Md Faris\\Desktop\\Food Ordering App\\src\\utils\\cartSlice.js": {"path":"C:\\Users\\Md Faris\\Desktop\\Food Ordering App\\src\\utils\\cartSlice.js","statementMap":{"0":{"start":{"line":3,"column":16},"end":{"line":20,"column":2}},"1":{"start":{"line":10,"column":12},"end":{"line":10,"column":45}},"2":{"start":{"line":14,"column":12},"end":{"line":14,"column":30}},"3":{"start":{"line":17,"column":12},"end":{"line":17,"column":27}},"4":{"start":{"line":21,"column":43},"end":{"line":21,"column":60}}},"fnMap":{"0":{"name":"(anonymous_0)","decl":{"start":{"line":9,"column":16},"end":{"line":9,"column":17}},"loc":{"start":{"line":9,"column":32},"end":{"line":11,"column":9}},"line":9},"1":{"name":"(anonymous_1)","decl":{"start":{"line":12,"column":19},"end":{"line":12,"column":20}},"loc":{"start":{"line":12,"column":35},"end":{"line":15,"column":9}},"line":12},"2":{"name":"(anonymous_2)","decl":{"start":{"line":16,"column":18},"end":{"line":16,"column":19}},"loc":{"start":{"line":16,"column":27},"end":{"line":18,"column":9}},"line":16}},"branchMap":{},"s":{"0":2,"1":0,"2":0,"3":0,"4":2},"f":{"0":0,"1":0,"2":0},"b":{},"_coverageSchema":"1a1c01bbd47fc00a2c39e90264f33305004495a9","hash":"7a6711cdce36cb0c12ef70508dfab2458c9534d4"}
,"C:\\Users\\Md Faris\\Desktop\\Food Ordering App\\src\\utils\\store.js": {"path":"C:\\Users\\Md Faris\\Desktop\\Food Ordering App\\src\\utils\\store.js","statementMap":{"0":{"start":{"line":3,"column":12},"end":{"line":7,"column":2}}},"fnMap":{},"branchMap":{},"s":{"0":2},"f":{},"b":{},"_coverageSchema":"1a1c01bbd47fc00a2c39e90264f33305004495a9","hash":"1c6c81f9f2ed5abfec772c1b5a8f1b9591ec2c0e"}
,"C:\\Users\\Md Faris\\Desktop\\Food Ordering App\\src\\utils\\useOnline.js": {"path":"C:\\Users\\Md Faris\\Desktop\\Food Ordering App\\src\\utils\\useOnline.js","statementMap":{"0":{"start":{"line":3,"column":16},"end":{"line":20,"column":1}},"1":{"start":{"line":4,"column":33},"end":{"line":4,"column":47}},"2":{"start":{"line":5,"column":4},"end":{"line":18,"column":10}},"3":{"start":{"line":6,"column":27},"end":{"line":8,"column":9}},"4":{"start":{"line":7,"column":12},"end":{"line":7,"column":30}},"5":{"start":{"line":9,"column":28},"end":{"line":11,"column":9}},"6":{"start":{"line":10,"column":12},"end":{"line":10,"column":31}},"7":{"start":{"line":12,"column":8},"end":{"line":12,"column":55}},"8":{"start":{"line":13,"column":8},"end":{"line":13,"column":57}},"9":{"start":{"line":14,"column":8},"end":{"line":17,"column":9}},"10":{"start":{"line":15,"column":12},"end":{"line":15,"column":62}},"11":{"start":{"line":16,"column":12},"end":{"line":16,"column":64}},"12":{"start":{"line":19,"column":4},"end":{"line":19,"column":20}}},"fnMap":{"0":{"name":"(anonymous_0)","decl":{"start":{"line":3,"column":16},"end":{"line":3,"column":17}},"loc":{"start":{"line":3,"column":20},"end":{"line":20,"column":1}},"line":3},"1":{"name":"(anonymous_1)","decl":{"start":{"line":5,"column":14},"end":{"line":5,"column":15}},"loc":{"start":{"line":5,"column":18},"end":{"line":18,"column":5}},"line":5},"2":{"name":"(anonymous_2)","decl":{"start":{"line":6,"column":27},"end":{"line":6,"column":28}},"loc":{"start":{"line":6,"column":31},"end":{"line":8,"column":9}},"line":6},"3":{"name":"(anonymous_3)","decl":{"start":{"line":9,"column":28},"end":{"line":9,"column":29}},"loc":{"start":{"line":9,"column":32},"end":{"line":11,"column":9}},"line":9},"4":{"name":"(anonymous_4)","decl":{"start":{"line":14,"column":15},"end":{"line":14,"column":16}},"loc":{"start":{"line":14,"column":19},"end":{"line":17,"column":9}},"line":14}},"branchMap":{},"s":{"0":1,"1":7,"2":7,"3":3,"4":0,"5":3,"6":0,"7":3,"8":3,"9":3,"10":3,"11":3,"12":7},"f":{"0":7,"1":3,"2":0,"3":0,"4":3},"b":{},"_coverageSchema":"1a1c01bbd47fc00a2c39e90264f33305004495a9","hash":"5d146133559a177bb8e8397abd7e0999ba771b9a"}
}
