TN:
SF:src\contants.js
FNF:0
FNH:0
DA:1,1
DA:3,1
LF:2
LH:2
BRF:0
BRH:0
end_of_record
TN:
SF:src\components\Body.js
FN:9,(anonymous_0)
FN:14,(anonymous_1)
FN:17,getrestaurants
FN:40,(anonymous_3)
FN:44,(anonymous_4)
FN:53,(anonymous_5)
FN:62,(anonymous_6)
FN:73,(anonymous_7)
FNF:8
FNH:6
FNDA:8,(anonymous_0)
FNDA:3,(anonymous_1)
FNDA:3,getrestaurants
FNDA:1,(anonymous_3)
FNDA:1,(anonymous_4)
FNDA:0,(anonymous_5)
FNDA:0,(anonymous_6)
FNDA:47,(anonymous_7)
DA:9,1
DA:10,8
DA:11,7
DA:12,7
DA:13,7
DA:14,7
DA:15,3
DA:18,3
DA:21,3
DA:22,3
DA:23,3
DA:25,7
DA:26,7
DA:27,0
DA:29,7
DA:30,7
DA:40,1
DA:45,1
DA:46,1
DA:54,0
DA:63,0
DA:74,47
LF:22
LH:19
BRDA:26,0,0,0
BRDA:26,0,1,7
BRDA:29,1,0,0
BRDA:29,1,1,7
BRDA:30,2,0,3
BRDA:30,2,1,4
BRF:6
BRH:4
end_of_record
TN:
SF:src\components\Header.js
FN:6,(anonymous_0)
FN:15,(anonymous_1)
FN:18,(anonymous_2)
FN:34,(anonymous_3)
FN:34,(anonymous_4)
FNF:5
FNH:3
FNDA:2,(anonymous_0)
FNDA:2,(anonymous_1)
FNDA:4,(anonymous_2)
FNDA:0,(anonymous_3)
FNDA:0,(anonymous_4)
DA:6,1
DA:7,2
DA:15,1
DA:16,2
DA:17,2
DA:18,4
DA:19,2
DA:20,2
DA:34,0
LF:9
LH:8
BRDA:34,0,0,0
BRDA:34,0,1,2
BRF:2
BRH:1
end_of_record
TN:
SF:src\components\RestaurantCard.js
FN:2,(anonymous_0)
FNF:1
FNH:1
FNDA:47,(anonymous_0)
DA:2,1
DA:8,47
LF:2
LH:2
BRF:0
BRH:0
end_of_record
TN:
SF:src\components\Shimmer.js
FN:1,(anonymous_0)
FN:4,(anonymous_1)
FNF:2
FNH:2
FNDA:3,(anonymous_0)
FNDA:30,(anonymous_1)
DA:1,1
DA:2,3
DA:4,30
LF:3
LH:3
BRF:0
BRH:0
end_of_record
TN:
SF:src\components\sum.js
FN:1,(anonymous_0)
FNF:1
FNH:1
FNDA:1,(anonymous_0)
DA:1,1
LF:1
LH:1
BRF:0
BRH:0
end_of_record
TN:
SF:src\components\mocks\data.js
FNF:0
FNH:0
DA:2,1
LF:1
LH:1
BRF:0
BRH:0
end_of_record
TN:
SF:src\utils\Helper.js
FN:1,filterData
FN:2,(anonymous_1)
FNF:2
FNH:2
FNDA:1,filterData
FNDA:15,(anonymous_1)
DA:2,1
DA:3,15
DA:5,1
LF:3
LH:3
BRF:0
BRH:0
end_of_record
TN:
SF:src\utils\UserContext.js
FNF:0
FNH:0
DA:2,2
DA:8,2
LF:2
LH:2
BRF:0
BRH:0
end_of_record
TN:
SF:src\utils\cartSlice.js
FN:9,(anonymous_0)
FN:12,(anonymous_1)
FN:16,(anonymous_2)
FNF:3
FNH:0
FNDA:0,(anonymous_0)
FNDA:0,(anonymous_1)
FNDA:0,(anonymous_2)
DA:3,2
DA:10,0
DA:14,0
DA:17,0
DA:21,2
LF:5
LH:2
BRF:0
BRH:0
end_of_record
TN:
SF:src\utils\store.js
FNF:0
FNH:0
DA:3,2
LF:1
LH:1
BRF:0
BRH:0
end_of_record
TN:
SF:src\utils\useOnline.js
FN:3,(anonymous_0)
FN:5,(anonymous_1)
FN:6,(anonymous_2)
FN:9,(anonymous_3)
FN:14,(anonymous_4)
FNF:5
FNH:3
FNDA:7,(anonymous_0)
FNDA:3,(anonymous_1)
FNDA:0,(anonymous_2)
FNDA:0,(anonymous_3)
FNDA:3,(anonymous_4)
DA:3,1
DA:4,7
DA:5,7
DA:6,3
DA:7,0
DA:9,3
DA:10,0
DA:12,3
DA:13,3
DA:14,3
DA:15,3
DA:16,3
DA:19,7
LF:13
LH:11
BRF:0
BRH:0
end_of_record
